Building DAG of jobs...
Using shell: /bin/bash
Provided cores: 2
Rules claiming more threads will be scaled down.
Job counts:
	count	jobs
	1	Export
	1	Extract_amp
	1	Import_DB
	1	Taxonomy
	1	Vsearch
	1	all
	6

[Mon Aug 26 15:43:17 2019]
rule Import_DB:
    input: /home/valentinscherz/bin/microbiome16S_pipeline/data/ezbiocloud201805.201908/original_files/EzBioCloud_16S_database_for_QIIME/ezbiocloud_qiime_full.fasta
    output: /home/valentinscherz/bin/microbiome16S_pipeline/data/ezbiocloud201805.201908/DB_seq.qza
    jobid: 5

Activating conda environment: /home/valentinscherz/bin/miniconda3/bafbf509
[Mon Aug 26 15:43:32 2019]
Finished job 5.
1 of 6 steps (17%) done

[Mon Aug 26 15:43:32 2019]
rule Extract_amp:
    input: /home/valentinscherz/bin/microbiome16S_pipeline/data/ezbiocloud201805.201908/DB_seq.qza
    output: /home/valentinscherz/bin/microbiome16S_pipeline/data/ezbiocloud201805.201908/DB_amp_seq.qza
    jobid: 4

Activating conda environment: /home/valentinscherz/bin/miniconda3/bafbf509
Removing temporary output file /home/valentinscherz/bin/microbiome16S_pipeline/data/ezbiocloud201805.201908/DB_seq.qza.
[Mon Aug 26 15:45:58 2019]
Finished job 4.
2 of 6 steps (33%) done

[Mon Aug 26 15:45:58 2019]
rule Export:
    input: /home/valentinscherz/bin/microbiome16S_pipeline/data/ezbiocloud201805.201908/DB_amp_seq.qza
    output: /home/valentinscherz/bin/microbiome16S_pipeline/data/ezbiocloud201805.201908/dna-sequences.fasta
    jobid: 3

Activating conda environment: /home/valentinscherz/bin/miniconda3/bafbf509
Removing temporary output file /home/valentinscherz/bin/microbiome16S_pipeline/data/ezbiocloud201805.201908/DB_amp_seq.qza.
[Mon Aug 26 15:46:04 2019]
Finished job 3.
3 of 6 steps (50%) done

[Mon Aug 26 15:46:04 2019]
rule Vsearch:
    input: /home/valentinscherz/bin/microbiome16S_pipeline/data/ezbiocloud201805.201908/dna-sequences.fasta
    output: /home/valentinscherz/bin/microbiome16S_pipeline/data/ezbiocloud201805.201908/DB_amp.fasta, /home/valentinscherz/bin/microbiome16S_pipeline/data/ezbiocloud201805.201908/log/DB_amp.uc
    log: /home/valentinscherz/bin/microbiome16S_pipeline/data/ezbiocloud201805.201908/log/DB_amp.log
    jobid: 2

Activating conda environment: /home/valentinscherz/bin/miniconda3/bafbf509
Removing temporary output file /home/valentinscherz/bin/microbiome16S_pipeline/data/ezbiocloud201805.201908/dna-sequences.fasta.
[Mon Aug 26 15:46:07 2019]
Finished job 2.
4 of 6 steps (67%) done

[Mon Aug 26 15:46:07 2019]
rule Taxonomy:
    input: /home/valentinscherz/bin/microbiome16S_pipeline/data/ezbiocloud201805.201908/original_files/EzBioCloud_16S_database_for_QIIME/ezbiocloud_id_taxonomy.txt, /home/valentinscherz/bin/microbiome16S_pipeline/data/ezbiocloud201805.201908/log/DB_amp.uc
    output: /home/valentinscherz/bin/microbiome16S_pipeline/data/ezbiocloud201805.201908/DB_amp_taxonomy.txt, /home/valentinscherz/bin/microbiome16S_pipeline/data/ezbiocloud201805.201908/DB_amp_all_taxonomy.txt, /home/valentinscherz/bin/microbiome16S_pipeline/data/ezbiocloud201805.201908/log/probematic_taxa.txt
    log: /home/valentinscherz/bin/microbiome16S_pipeline/data/ezbiocloud201805.201908/log/DB_amp_taxonomy.log
    jobid: 1

Activating conda environment: /home/valentinscherz/bin/miniconda3/2e4a5400
[Mon Aug 26 15:47:13 2019]
Finished job 1.
5 of 6 steps (83%) done

[Mon Aug 26 15:47:13 2019]
localrule all:
    input: /home/valentinscherz/bin/microbiome16S_pipeline/data/ezbiocloud201805.201908/DB_amp_taxonomy.txt
    jobid: 0

[Mon Aug 26 15:47:13 2019]
Finished job 0.
6 of 6 steps (100%) done
Complete log: /home/valentinscherz/bin/microbiome16S_pipeline/data/ezbiocloud201805.201908/.snakemake/log/2019-08-26T154316.729564.snakemake.log
